<?xml version="1.0" encoding="UTF-8"?>
<testng-results skipped="0" failed="0" total="1" passed="1">
  <reporter-output>
  </reporter-output>
  <suite name="Default suite" duration-ms="7642" started-at="2026-03-14T19:45:43Z" finished-at="2026-03-14T19:45:51Z">
    <groups>
    </groups>
    <test name="Default test" duration-ms="7642" started-at="2026-03-14T19:45:43Z" finished-at="2026-03-14T19:45:51Z">
      <class name="Ashish.Ashish.Ashish">
        <test-method status="PASS" signature="Schema1()[pri:0, instance:Ashish.Ashish.Ashish@3796751b]" name="Schema1" duration-ms="7627" started-at="2026-03-15T01:15:43Z" finished-at="2026-03-15T01:15:51Z">
          <reporter-output>
          </reporter-output>
        </test-method> <!-- Schema1 -->
      </class> <!-- Ashish.Ashish.Ashish -->
    </test> <!-- Default test -->
  </suite> <!-- Default suite -->
</testng-results>
